Build started 03/12/2017 07:37:14 ص.
     1>Project "C:\Users\Mohamed\Documents\Visual Studio 2015\Projects\modelloader\modelloader\modelloader.vcxproj" on node 2 (Build target(s)).
     1>ClCompile:
         C:\Program Files (x86)\Microsoft Visual Studio 14.0\VC\bin\x86_amd64\CL.exe /c /ZI /nologo /W3 /WX- /sdl /Od /D _MBCS /Gm /EHsc /RTC1 /MDd /GS /fp:precise /Zc:wchar_t /Zc:forScope /Zc:inline /Fo"x64\Debug\\" /Fd"x64\Debug\vc140.pdb" /Gd /TP /errorReport:prompt Main.cpp ObjModel.cpp
         ObjModel.cpp
     1>c:\users\mohamed\documents\visual studio 2015\projects\modelloader\modelloader\objmodel.cpp(66): warning C4267: 'initializing': conversion from 'size_t' to 'int', possible loss of data
     1>c:\users\mohamed\documents\visual studio 2015\projects\modelloader\modelloader\objmodel.cpp(114): warning C4267: 'initializing': conversion from 'size_t' to 'int', possible loss of data
     1>c:\users\mohamed\documents\visual studio 2015\projects\modelloader\modelloader\objmodel.cpp(115): warning C4267: 'initializing': conversion from 'size_t' to 'int', possible loss of data
     1>c:\users\mohamed\documents\visual studio 2015\projects\modelloader\modelloader\objmodel.cpp(120): warning C4267: '=': conversion from 'size_t' to 'int', possible loss of data
     1>c:\users\mohamed\documents\visual studio 2015\projects\modelloader\modelloader\objmodel.cpp(121): warning C4267: '=': conversion from 'size_t' to 'int', possible loss of data
     1>c:\users\mohamed\documents\visual studio 2015\projects\modelloader\modelloader\objmodel.cpp(149): warning C4267: 'initializing': conversion from 'size_t' to 'int', possible loss of data
     1>c:\users\mohamed\documents\visual studio 2015\projects\modelloader\modelloader\objmodel.cpp(150): warning C4267: 'initializing': conversion from 'size_t' to 'int', possible loss of data
     1>c:\users\mohamed\documents\visual studio 2015\projects\modelloader\modelloader\objmodel.cpp(155): warning C4267: '=': conversion from 'size_t' to 'int', possible loss of data
     1>c:\users\mohamed\documents\visual studio 2015\projects\modelloader\modelloader\objmodel.cpp(156): warning C4267: '=': conversion from 'size_t' to 'int', possible loss of data
     1>c:\users\mohamed\documents\visual studio 2015\projects\modelloader\modelloader\objmodel.cpp(180): warning C4267: 'initializing': conversion from 'size_t' to 'int', possible loss of data
     1>c:\users\mohamed\documents\visual studio 2015\projects\modelloader\modelloader\objmodel.cpp(181): warning C4267: 'initializing': conversion from 'size_t' to 'int', possible loss of data
     1>c:\users\mohamed\documents\visual studio 2015\projects\modelloader\modelloader\objmodel.cpp(186): warning C4267: '=': conversion from 'size_t' to 'int', possible loss of data
     1>c:\users\mohamed\documents\visual studio 2015\projects\modelloader\modelloader\objmodel.cpp(187): warning C4267: '=': conversion from 'size_t' to 'int', possible loss of data
     1>c:\users\mohamed\documents\visual studio 2015\projects\modelloader\modelloader\objmodel.cpp(242): warning C4267: 'initializing': conversion from 'size_t' to 'int', possible loss of data
     1>c:\users\mohamed\documents\visual studio 2015\projects\modelloader\modelloader\objmodel.cpp(243): warning C4267: 'initializing': conversion from 'size_t' to 'int', possible loss of data
     1>c:\users\mohamed\documents\visual studio 2015\projects\modelloader\modelloader\objmodel.cpp(248): warning C4267: '=': conversion from 'size_t' to 'int', possible loss of data
     1>c:\users\mohamed\documents\visual studio 2015\projects\modelloader\modelloader\objmodel.cpp(251): warning C4267: '=': conversion from 'size_t' to 'int', possible loss of data
     1>c:\users\mohamed\documents\visual studio 2015\projects\modelloader\modelloader\objmodel.cpp(260): warning C4267: '=': conversion from 'size_t' to 'int', possible loss of data
     1>c:\users\mohamed\documents\visual studio 2015\projects\modelloader\modelloader\objmodel.cpp(262): warning C4267: '=': conversion from 'size_t' to 'int', possible loss of data
     1>c:\users\mohamed\documents\visual studio 2015\projects\modelloader\modelloader\objmodel.cpp(271): warning C4267: '=': conversion from 'size_t' to 'int', possible loss of data
     1>c:\users\mohamed\documents\visual studio 2015\projects\modelloader\modelloader\objmodel.cpp(277): warning C4267: '=': conversion from 'size_t' to 'int', possible loss of data
     1>c:\users\mohamed\documents\visual studio 2015\projects\modelloader\modelloader\objmodel.cpp(278): warning C4267: '=': conversion from 'size_t' to 'int', possible loss of data
     1>c:\users\mohamed\documents\visual studio 2015\projects\modelloader\modelloader\objmodel.cpp(284): warning C4267: '=': conversion from 'size_t' to 'int', possible loss of data
     1>c:\users\mohamed\documents\visual studio 2015\projects\modelloader\modelloader\objmodel.cpp(287): warning C4267: '=': conversion from 'size_t' to 'int', possible loss of data
     1>c:\users\mohamed\documents\visual studio 2015\projects\modelloader\modelloader\objmodel.cpp(295): warning C4267: '=': conversion from 'size_t' to 'int', possible loss of data
     1>c:\users\mohamed\documents\visual studio 2015\projects\modelloader\modelloader\objmodel.cpp(297): warning C4267: '=': conversion from 'size_t' to 'int', possible loss of data
     1>c:\users\mohamed\documents\visual studio 2015\projects\modelloader\modelloader\objmodel.cpp(305): warning C4267: '=': conversion from 'size_t' to 'int', possible loss of data
     1>c:\users\mohamed\documents\visual studio 2015\projects\modelloader\modelloader\objmodel.cpp(311): warning C4267: '=': conversion from 'size_t' to 'int', possible loss of data
     1>c:\users\mohamed\documents\visual studio 2015\projects\modelloader\modelloader\objmodel.cpp(312): warning C4267: '=': conversion from 'size_t' to 'int', possible loss of data
     1>c:\users\mohamed\documents\visual studio 2015\projects\modelloader\modelloader\objmodel.cpp(318): warning C4267: '=': conversion from 'size_t' to 'int', possible loss of data
     1>c:\users\mohamed\documents\visual studio 2015\projects\modelloader\modelloader\objmodel.cpp(321): warning C4267: '=': conversion from 'size_t' to 'int', possible loss of data
     1>c:\users\mohamed\documents\visual studio 2015\projects\modelloader\modelloader\objmodel.cpp(329): warning C4267: '=': conversion from 'size_t' to 'int', possible loss of data
     1>c:\users\mohamed\documents\visual studio 2015\projects\modelloader\modelloader\objmodel.cpp(331): warning C4267: '=': conversion from 'size_t' to 'int', possible loss of data
     1>c:\users\mohamed\documents\visual studio 2015\projects\modelloader\modelloader\objmodel.cpp(339): warning C4267: '=': conversion from 'size_t' to 'int', possible loss of data
         Main.cpp
     1>c:\users\mohamed\documents\visual studio 2015\projects\modelloader\modelloader\main.cpp(3): fatal error C1083: Cannot open include file: 'GL/freeglut.h': No such file or directory
         Generating Code...
     1>Done Building Project "C:\Users\Mohamed\Documents\Visual Studio 2015\Projects\modelloader\modelloader\modelloader.vcxproj" (Build target(s)) -- FAILED.

Build FAILED.

Time Elapsed 00:00:09.60
